library/build/outputs/logs/manifest-merger-debug-report.txt
-- Merging decision tree log ---
manifest
ADDED from LeGou\library\AndroidManifest.xml:2:1-9:12
INJECTED from LeGou\library\AndroidManifest.xml:2:1-9:12
INJECTED from LeGou\library\AndroidManifest.xml:2:1-9:12
INJECTED from LeGou\library\AndroidManifest.xml:2:1-9:12
INJECTED from LeGou\library\AndroidManifest.xml:2:1-9:12
INJECTED from LeGou\library\AndroidManifest.xml:2:1-9:12
INJECTED from LeGou\library\AndroidManifest.xml:2:1-9:12
	package
		ADDED from LeGou\library\AndroidManifest.xml:3:5-49
		INJECTED from LeGou\library\AndroidManifest.xml
		INJECTED from LeGou\library\AndroidManifest.xml
	android:versionName
		ADDED from LeGou\library\AndroidManifest.xml:5:5-32
		INJECTED from LeGou\library\AndroidManifest.xml
		INJECTED from LeGou\library\AndroidManifest.xml
	xmlns:android
		ADDED from LeGou\library\AndroidManifest.xml:2:11-69
	android:versionCode
		ADDED from LeGou\library\AndroidManifest.xml:4:5-31
		INJECTED from LeGou\library\AndroidManifest.xml
		INJECTED from LeGou\library\AndroidManifest.xml
application
ADDED from LeGou\library\AndroidManifest.xml:7:5-20
uses-sdk
INJECTED from LeGou\library\AndroidManifest.xml reason: use-sdk injection requested
INJECTED from LeGou\library\AndroidManifest.xml
INJECTED from LeGou\library\AndroidManifest.xml
INJECTED from LeGou\library\AndroidManifest.xml
INJECTED from LeGou\library\AndroidManifest.xml
	android:targetSdkVersion
		INJECTED from LeGou\library\AndroidManifest.xml
		ADDED from LeGou\library\AndroidManifest.xml
		INJECTED from LeGou\library\AndroidManifest.xml
	android:minSdkVersion
		INJECTED from LeGou\library\AndroidManifest.xml
		ADDED from LeGou\library\AndroidManifest.xml
		INJECTED from LeGou\library\AndroidManifest.xml